<?xml version="1.0" encoding="UTF-8"?>
<testng-results ignored="0" total="1" passed="1" failed="0" skipped="0">
  <reporter-output>
  </reporter-output>
  <suite started-at="2026-04-06T00:43:22 IST" name="Suite" finished-at="2026-04-06T00:43:28 IST" duration-ms="6966">
    <groups>
      <group name="cucumber">
        <method signature="AbstractTestNGCucumberTests.runScenario(io.cucumber.testng.PickleWrapper,io.cucumber.testng.FeatureWrapper)[pri:0, instance:Runner.Runnerclass@815b41f]" name="runScenario" class="io.cucumber.testng.AbstractTestNGCucumberTests"/>
      </group> <!-- cucumber -->
    </groups>
    <test started-at="2026-04-06T00:43:22 IST" name="Test" finished-at="2026-04-06T00:43:28 IST" duration-ms="6966">
      <class name="GenaricLib.Baseclass">
        <test-method is-config="true" signature="dbConnection()[pri:0, instance:GenaricLib.Baseclass@702657cc]" started-at="2026-04-06T00:43:21 IST" name="dbConnection" finished-at="2026-04-06T00:43:22 IST" duration-ms="430" status="PASS">
          <reporter-output>
          </reporter-output>
        </test-method> <!-- dbConnection -->
        <test-method is-config="true" signature="selectBrowser(java.lang.String)[pri:0, instance:GenaricLib.Baseclass@702657cc]" started-at="2026-04-06T00:43:22 IST" name="selectBrowser" finished-at="2026-04-06T00:43:23 IST" duration-ms="1058" status="PASS">
          <params>
            <param index="0">
              <value>
                <![CDATA[chrome]]>
              </value>
            </param>
          </params>
          <reporter-output>
          </reporter-output>
        </test-method> <!-- selectBrowser -->
        <test-method is-config="true" signature="closeDbConnection()[pri:0, instance:GenaricLib.Baseclass@702657cc]" started-at="2026-04-06T00:43:29 IST" name="closeDbConnection" finished-at="2026-04-06T00:43:29 IST" duration-ms="3" status="PASS">
          <reporter-output>
          </reporter-output>
        </test-method> <!-- closeDbConnection -->
      </class> <!-- GenaricLib.Baseclass -->
      <class name="Runner.Runnerclass">
        <test-method is-config="true" signature="setUpClass(org.testng.ITestContext)[pri:0, instance:Runner.Runnerclass@815b41f]" started-at="2026-04-06T00:43:23 IST" name="setUpClass" finished-at="2026-04-06T00:43:23 IST" duration-ms="210" status="PASS">
          <params>
            <param index="0">
              <value>
                <![CDATA[org.testng.TestRunner@682266d8]]>
              </value>
            </param>
          </params>
          <reporter-output>
          </reporter-output>
        </test-method> <!-- setUpClass -->
        <test-method signature="runScenario(io.cucumber.testng.PickleWrapper,io.cucumber.testng.FeatureWrapper)[pri:0, instance:Runner.Runnerclass@815b41f]" started-at="2026-04-06T00:43:23 IST" name="runScenario" description="Runs Cucumber Scenarios" data-provider="scenarios" finished-at="2026-04-06T00:43:27 IST" duration-ms="3797" status="PASS">
          <params>
            <param index="0">
              <value>
                <![CDATA["user check catagory and brands tab values"]]>
              </value>
            </param>
            <param index="1">
              <value>
                <![CDATA["User check home module features"]]>
              </value>
            </param>
          </params>
          <reporter-output>
          </reporter-output>
        </test-method> <!-- runScenario -->
        <test-method is-config="true" signature="tearDownClass()[pri:0, instance:Runner.Runnerclass@815b41f]" started-at="2026-04-06T00:43:27 IST" name="tearDownClass" finished-at="2026-04-06T00:43:28 IST" duration-ms="1872" status="PASS">
          <reporter-output>
          </reporter-output>
        </test-method> <!-- tearDownClass -->
      </class> <!-- Runner.Runnerclass -->
    </test> <!-- Test -->
  </suite> <!-- Suite -->
</testng-results>
