<?xml version="1.0" encoding="UTF-8"?>
<testng-results ignored="0" total="1" passed="1" failed="0" skipped="0">
  <reporter-output>
  </reporter-output>
  <suite started-at="2026-04-06T00:49:24 IST" name="Suite" finished-at="2026-04-06T00:49:33 IST" duration-ms="8185">
    <groups>
      <group name="cucumber">
        <method signature="AbstractTestNGCucumberTests.runScenario(io.cucumber.testng.PickleWrapper,io.cucumber.testng.FeatureWrapper)[pri:0, instance:Runner.Runnerclass@68567e20]" name="runScenario" class="io.cucumber.testng.AbstractTestNGCucumberTests"/>
      </group> <!-- cucumber -->
    </groups>
    <test started-at="2026-04-06T00:49:24 IST" name="Test" finished-at="2026-04-06T00:49:33 IST" duration-ms="8185">
      <class name="GenaricLib.Baseclass">
        <test-method is-config="true" signature="dbConnection()[pri:0, instance:GenaricLib.Baseclass@2f465398]" started-at="2026-04-06T00:49:24 IST" name="dbConnection" finished-at="2026-04-06T00:49:24 IST" duration-ms="428" status="PASS">
          <reporter-output>
          </reporter-output>
        </test-method> <!-- dbConnection -->
        <test-method is-config="true" signature="selectBrowser(java.lang.String)[pri:0, instance:GenaricLib.Baseclass@2f465398]" started-at="2026-04-06T00:49:24 IST" name="selectBrowser" finished-at="2026-04-06T00:49:25 IST" duration-ms="1094" status="PASS">
          <params>
            <param index="0">
              <value>
                <![CDATA[chrome]]>
              </value>
            </param>
          </params>
          <reporter-output>
          </reporter-output>
        </test-method> <!-- selectBrowser -->
        <test-method is-config="true" signature="closeDbConnection()[pri:0, instance:GenaricLib.Baseclass@2f465398]" started-at="2026-04-06T00:49:33 IST" name="closeDbConnection" finished-at="2026-04-06T00:49:33 IST" duration-ms="4" status="PASS">
          <reporter-output>
          </reporter-output>
        </test-method> <!-- closeDbConnection -->
      </class> <!-- GenaricLib.Baseclass -->
      <class name="Runner.Runnerclass">
        <test-method is-config="true" signature="setUpClass(org.testng.ITestContext)[pri:0, instance:Runner.Runnerclass@68567e20]" started-at="2026-04-06T00:49:25 IST" name="setUpClass" finished-at="2026-04-06T00:49:26 IST" duration-ms="200" status="PASS">
          <params>
            <param index="0">
              <value>
                <![CDATA[org.testng.TestRunner@7a3643e3]]>
              </value>
            </param>
          </params>
          <reporter-output>
          </reporter-output>
        </test-method> <!-- setUpClass -->
        <test-method signature="runScenario(io.cucumber.testng.PickleWrapper,io.cucumber.testng.FeatureWrapper)[pri:0, instance:Runner.Runnerclass@68567e20]" started-at="2026-04-06T00:49:26 IST" name="runScenario" description="Runs Cucumber Scenarios" data-provider="scenarios" finished-at="2026-04-06T00:49:31 IST" duration-ms="5090" status="PASS">
          <params>
            <param index="0">
              <value>
                <![CDATA["user check catagory and brands tab values"]]>
              </value>
            </param>
            <param index="1">
              <value>
                <![CDATA["User check home module features"]]>
              </value>
            </param>
          </params>
          <reporter-output>
          </reporter-output>
        </test-method> <!-- runScenario -->
        <test-method is-config="true" signature="tearDownClass()[pri:0, instance:Runner.Runnerclass@68567e20]" started-at="2026-04-06T00:49:31 IST" name="tearDownClass" finished-at="2026-04-06T00:49:33 IST" duration-ms="1772" status="PASS">
          <reporter-output>
          </reporter-output>
        </test-method> <!-- tearDownClass -->
      </class> <!-- Runner.Runnerclass -->
    </test> <!-- Test -->
  </suite> <!-- Suite -->
</testng-results>
